<?xml version="1.0" encoding="UTF-8"?>
<testng-results ignored="0" total="1" passed="1" failed="0" skipped="0">
  <reporter-output>
  </reporter-output>
  <suite started-at="2022-12-13T14:33:56Z" name="All Test Suite" finished-at="2022-12-13T14:34:01Z" duration-ms="5167">
    <groups>
    </groups>
    <test started-at="2022-12-13T14:33:56Z" name="C:/Dev/First_Project_Selenuim/src/test/java/Testng_Class/Test01.java" finished-at="2022-12-13T14:34:01Z" duration-ms="5167">
      <class name="Testng_Class.Test01">
        <test-method is-config="true" signature="Before()[pri:0, instance:Testng_Class.Test01@3d285d7e]" started-at="2022-12-13T14:33:56Z" name="Before" finished-at="2022-12-13T14:33:57Z" duration-ms="1223" status="PASS">
          <reporter-output>
          </reporter-output>
        </test-method> <!-- Before -->
        <test-method signature="essayeTest1()[pri:0, instance:Testng_Class.Test01@3d285d7e]" started-at="2022-12-13T14:33:57Z" name="essayeTest1" finished-at="2022-12-13T14:34:00Z" duration-ms="3547" status="PASS">
          <reporter-output>
          </reporter-output>
        </test-method> <!-- essayeTest1 -->
        <test-method is-config="true" signature="After()[pri:0, instance:Testng_Class.Test01@3d285d7e]" started-at="2022-12-13T14:34:00Z" name="After" finished-at="2022-12-13T14:34:01Z" duration-ms="387" status="PASS">
          <reporter-output>
          </reporter-output>
        </test-method> <!-- After -->
      </class> <!-- Testng_Class.Test01 -->
    </test> <!-- C:/Dev/First_Project_Selenuim/src/test/java/Testng_Class/Test01.java -->
  </suite> <!-- All Test Suite -->
</testng-results>
